{"/home/travis/build/npmtest/node-npmtest-likely/test.js":{"path":"/home/travis/build/npmtest/node-npmtest-likely/test.js","s":{"1":2,"2":2,"3":2,"4":2,"5":2,"6":2,"7":2,"8":1,"9":2,"10":2,"11":1,"12":1,"13":1,"14":1,"15":2,"16":2,"17":2,"18":2,"19":1,"20":1,"21":2,"22":2,"23":2,"24":1,"25":1,"26":1,"27":1,"28":1,"29":1,"30":1,"31":1,"32":1,"33":1,"34":1,"35":1,"36":1,"37":1,"38":1,"39":2,"40":2,"41":1,"42":2,"43":2,"44":1,"45":2,"46":2,"47":1,"48":2,"49":2,"50":1,"51":1,"52":1,"53":1,"54":1},"b":{"1":[2,1,1,1],"2":[1,1,1,1],"3":[1,1],"4":[1,1],"5":[1,1],"6":[1,1],"7":[1,1],"8":[1,1],"9":[1,1],"10":[1,1,1],"11":[1,1],"12":[1,1],"13":[1,1],"14":[1,1],"15":[1,1],"16":[1,1],"17":[1,1]},"f":{"1":2,"2":2,"3":2,"4":2,"5":2,"6":1,"7":1,"8":1,"9":2,"10":2,"11":2,"12":2,"13":1},"fnMap":{"1":{"name":"(anonymous_1)","line":12,"loc":{"start":{"line":12,"column":1},"end":{"line":12,"column":13}}},"2":{"name":"(anonymous_2)","line":19,"loc":{"start":{"line":19,"column":5},"end":{"line":19,"column":17}}},"3":{"name":"(anonymous_3)","line":23,"loc":{"start":{"line":23,"column":24},"end":{"line":23,"column":36}}},"4":{"name":"(anonymous_4)","line":61,"loc":{"start":{"line":61,"column":5},"end":{"line":61,"column":17}}},"5":{"name":"(anonymous_5)","line":82,"loc":{"start":{"line":82,"column":5},"end":{"line":82,"column":17}}},"6":{"name":"(anonymous_6)","line":91,"loc":{"start":{"line":91,"column":77},"end":{"line":94,"column":10}}},"7":{"name":"(anonymous_7)","line":112,"loc":{"start":{"line":112,"column":83},"end":{"line":115,"column":10}},"skip":true},"8":{"name":"(anonymous_8)","line":123,"loc":{"start":{"line":123,"column":77},"end":{"line":126,"column":10}},"skip":true},"9":{"name":"(anonymous_9)","line":139,"loc":{"start":{"line":139,"column":12},"end":{"line":139,"column":40}},"skip":true},"10":{"name":"(anonymous_10)","line":147,"loc":{"start":{"line":147,"column":77},"end":{"line":150,"column":10}},"skip":true},"11":{"name":"(anonymous_11)","line":158,"loc":{"start":{"line":158,"column":83},"end":{"line":161,"column":10}},"skip":true},"12":{"name":"(anonymous_12)","line":169,"loc":{"start":{"line":169,"column":79},"end":{"line":172,"column":10}},"skip":true},"13":{"name":"(anonymous_13)","line":180,"loc":{"start":{"line":180,"column":75},"end":{"line":183,"column":10}},"skip":true}},"statementMap":{"1":{"start":{"line":12,"column":0},"end":{"line":195,"column":5}},"2":{"start":{"line":14,"column":4},"end":{"line":14,"column":14}},"3":{"start":{"line":19,"column":4},"end":{"line":56,"column":9}},"4":{"start":{"line":21,"column":8},"end":{"line":21,"column":19}},"5":{"start":{"line":23,"column":8},"end":{"line":35,"column":13}},"6":{"start":{"line":24,"column":12},"end":{"line":34,"column":13}},"7":{"start":{"line":25,"column":16},"end":{"line":28,"column":30}},"8":{"start":{"line":30,"column":16},"end":{"line":33,"column":27}},"9":{"start":{"line":37,"column":8},"end":{"line":39,"column":21}},"10":{"start":{"line":40,"column":8},"end":{"line":53,"column":9}},"11":{"start":{"line":43,"column":12},"end":{"line":46,"column":14}},"12":{"start":{"line":47,"column":12},"end":{"line":47,"column":18}},"13":{"start":{"line":50,"column":12},"end":{"line":51,"column":46}},"14":{"start":{"line":52,"column":12},"end":{"line":52,"column":18}},"15":{"start":{"line":55,"column":8},"end":{"line":55,"column":35}},"16":{"start":{"line":61,"column":4},"end":{"line":63,"column":9}},"17":{"start":{"line":62,"column":8},"end":{"line":62,"column":15}},"18":{"start":{"line":64,"column":4},"end":{"line":77,"column":5}},"19":{"start":{"line":70,"column":8},"end":{"line":70,"column":14}},"20":{"start":{"line":76,"column":8},"end":{"line":76,"column":14}},"21":{"start":{"line":82,"column":4},"end":{"line":84,"column":9}},"22":{"start":{"line":83,"column":8},"end":{"line":83,"column":15}},"23":{"start":{"line":85,"column":4},"end":{"line":194,"column":5}},"24":{"start":{"line":91,"column":8},"end":{"line":99,"column":10}},"25":{"start":{"line":98,"column":12},"end":{"line":98,"column":35}},"26":{"start":{"line":102,"column":8},"end":{"line":104,"column":63}},"27":{"start":{"line":105,"column":8},"end":{"line":105,"column":14}},"28":{"start":{"line":112,"column":8},"end":{"line":121,"column":10},"skip":true},"29":{"start":{"line":119,"column":12},"end":{"line":119,"column":55},"skip":true},"30":{"start":{"line":120,"column":12},"end":{"line":120,"column":48},"skip":true},"31":{"start":{"line":123,"column":8},"end":{"line":136,"column":10},"skip":true},"32":{"start":{"line":130,"column":12},"end":{"line":130,"column":76},"skip":true},"33":{"start":{"line":131,"column":12},"end":{"line":131,"column":73},"skip":true},"34":{"start":{"line":132,"column":12},"end":{"line":132,"column":74},"skip":true},"35":{"start":{"line":133,"column":12},"end":{"line":133,"column":79},"skip":true},"36":{"start":{"line":134,"column":12},"end":{"line":134,"column":25},"skip":true},"37":{"start":{"line":135,"column":12},"end":{"line":135,"column":45},"skip":true},"38":{"start":{"line":138,"column":8},"end":{"line":145,"column":14},"skip":true},"39":{"start":{"line":143,"column":16},"end":{"line":143,"column":29},"skip":true},"40":{"start":{"line":144,"column":16},"end":{"line":144,"column":55},"skip":true},"41":{"start":{"line":147,"column":8},"end":{"line":156,"column":10},"skip":true},"42":{"start":{"line":154,"column":12},"end":{"line":154,"column":25},"skip":true},"43":{"start":{"line":155,"column":12},"end":{"line":155,"column":45},"skip":true},"44":{"start":{"line":158,"column":8},"end":{"line":167,"column":10},"skip":true},"45":{"start":{"line":165,"column":12},"end":{"line":165,"column":25},"skip":true},"46":{"start":{"line":166,"column":12},"end":{"line":166,"column":48},"skip":true},"47":{"start":{"line":169,"column":8},"end":{"line":178,"column":10},"skip":true},"48":{"start":{"line":176,"column":12},"end":{"line":176,"column":25},"skip":true},"49":{"start":{"line":177,"column":12},"end":{"line":177,"column":46},"skip":true},"50":{"start":{"line":180,"column":8},"end":{"line":189,"column":10},"skip":true},"51":{"start":{"line":187,"column":12},"end":{"line":187,"column":94},"skip":true},"52":{"start":{"line":188,"column":12},"end":{"line":188,"column":48},"skip":true},"53":{"start":{"line":192,"column":8},"end":{"line":192,"column":35},"skip":true},"54":{"start":{"line":193,"column":8},"end":{"line":193,"column":14},"skip":true}},"branchMap":{"1":{"line":25,"type":"binary-expr","locations":[{"start":{"line":25,"column":23},"end":{"line":25,"column":62}},{"start":{"line":26,"column":20},"end":{"line":26,"column":70}},{"start":{"line":27,"column":20},"end":{"line":27,"column":71}},{"start":{"line":28,"column":20},"end":{"line":28,"column":29}}]},"2":{"line":30,"type":"binary-expr","locations":[{"start":{"line":30,"column":23},"end":{"line":30,"column":37}},{"start":{"line":31,"column":20},"end":{"line":31,"column":61}},{"start":{"line":32,"column":20},"end":{"line":32,"column":70}},{"start":{"line":33,"column":20},"end":{"line":33,"column":26}}]},"3":{"line":37,"type":"cond-expr","locations":[{"start":{"line":38,"column":14},"end":{"line":38,"column":20}},{"start":{"line":39,"column":14},"end":{"line":39,"column":20}}]},"4":{"line":40,"type":"switch","locations":[{"start":{"line":42,"column":8},"end":{"line":47,"column":18}},{"start":{"line":49,"column":8},"end":{"line":52,"column":18}}]},"5":{"line":44,"type":"binary-expr","locations":[{"start":{"line":44,"column":16},"end":{"line":44,"column":44}},{"start":{"line":44,"column":48},"end":{"line":44,"column":66}}]},"6":{"line":50,"type":"binary-expr","locations":[{"start":{"line":50,"column":21},"end":{"line":50,"column":49}},{"start":{"line":50,"column":53},"end":{"line":50,"column":72}}]},"7":{"line":64,"type":"switch","locations":[{"start":{"line":69,"column":4},"end":{"line":70,"column":14}},{"start":{"line":75,"column":4},"end":{"line":76,"column":14}}]},"8":{"line":85,"type":"switch","locations":[{"start":{"line":90,"column":4},"end":{"line":105,"column":14}},{"start":{"line":111,"column":4},"end":{"line":193,"column":14},"skip":true}]},"9":{"line":91,"type":"binary-expr","locations":[{"start":{"line":91,"column":42},"end":{"line":91,"column":73}},{"start":{"line":91,"column":77},"end":{"line":99,"column":9}}]},"10":{"line":102,"type":"binary-expr","locations":[{"start":{"line":102,"column":18},"end":{"line":102,"column":32}},{"start":{"line":103,"column":12},"end":{"line":103,"column":53}},{"start":{"line":104,"column":12},"end":{"line":104,"column":61}}]},"11":{"line":112,"type":"binary-expr","locations":[{"start":{"line":112,"column":45},"end":{"line":112,"column":79},"skip":true},{"start":{"line":112,"column":83},"end":{"line":121,"column":9},"skip":true}]},"12":{"line":123,"type":"binary-expr","locations":[{"start":{"line":123,"column":42},"end":{"line":123,"column":73},"skip":true},{"start":{"line":123,"column":77},"end":{"line":136,"column":9},"skip":true}]},"13":{"line":138,"type":"binary-expr","locations":[{"start":{"line":138,"column":48},"end":{"line":138,"column":85},"skip":true},{"start":{"line":139,"column":12},"end":{"line":145,"column":13},"skip":true}]},"14":{"line":147,"type":"binary-expr","locations":[{"start":{"line":147,"column":42},"end":{"line":147,"column":73},"skip":true},{"start":{"line":147,"column":77},"end":{"line":156,"column":9},"skip":true}]},"15":{"line":158,"type":"binary-expr","locations":[{"start":{"line":158,"column":45},"end":{"line":158,"column":79},"skip":true},{"start":{"line":158,"column":83},"end":{"line":167,"column":9},"skip":true}]},"16":{"line":169,"type":"binary-expr","locations":[{"start":{"line":169,"column":43},"end":{"line":169,"column":75},"skip":true},{"start":{"line":169,"column":79},"end":{"line":178,"column":9},"skip":true}]},"17":{"line":180,"type":"binary-expr","locations":[{"start":{"line":180,"column":41},"end":{"line":180,"column":71},"skip":true},{"start":{"line":180,"column":75},"end":{"line":189,"column":9},"skip":true}]}},"code":["/* istanbul instrument in package npmtest_likely */","/*jslint","    bitwise: true,","    browser: true,","    maxerr: 8,","    maxlen: 96,","    node: true,","    nomen: true,","    regexp: true,","    stupid: true","*/","(function () {","    'use strict';","    var local;","","","","    // run shared js-env code - pre-init","    (function () {","        // init local","        local = {};","        // init modeJs","        local.modeJs = (function () {","            try {","                return typeof navigator.userAgent === 'string' &&","                    typeof document.querySelector('body') === 'object' &&","                    typeof XMLHttpRequest.prototype.open === 'function' &&","                    'browser';","            } catch (errorCaughtBrowser) {","                return module.exports &&","                    typeof process.versions.node === 'string' &&","                    typeof require('http').createServer === 'function' &&","                    'node';","            }","        }());","        // init global","        local.global = local.modeJs === 'browser'","            ? window","            : global;","        switch (local.modeJs) {","        // re-init local from window.local","        case 'browser':","            local = local.global.utility2.objectSetDefault(","                local.global.utility2_rollup || local.global.local,","                local.global.utility2","            );","            break;","        // re-init local from example.js","        case 'node':","            local = (local.global.utility2_rollup || require('utility2'))","                .requireExampleJsFromReadme();","            break;","        }","        // export local","        local.global.local = local;","    }());","","","","    // run shared js-env code - function","    (function () {","        return;","    }());","    switch (local.modeJs) {","","","","    // run browser js-env code - function","    case 'browser':","        break;","","","","    // run node js-env code - function","    case 'node':","        break;","    }","","","","    // run shared js-env code - post-init","    (function () {","        return;","    }());","    switch (local.modeJs) {","","","","    // run browser js-env code - post-init","    case 'browser':","        local.testCase_browser_nullCase = local.testCase_browser_nullCase || function (","            options,","            onError","        ) {","        /*","         * this function will test browsers's null-case handling-behavior-behavior","         */","            onError(null, options);","        };","","        // run tests","        local.nop(local.modeTest &&","            document.querySelector('#testRunButton1') &&","            document.querySelector('#testRunButton1').click());","        break;","","","","    // run node js-env code - post-init","    /* istanbul ignore next */","    case 'node':","        local.testCase_buildApidoc_default = local.testCase_buildApidoc_default || function (","            options,","            onError","        ) {","        /*","         * this function will test buildApidoc's default handling-behavior-behavior","         */","            options = { modulePathList: module.paths };","            local.buildApidoc(options, onError);","        };","","        local.testCase_buildApp_default = local.testCase_buildApp_default || function (","            options,","            onError","        ) {","        /*","         * this function will test buildApp's default handling-behavior-behavior","         */","            local.testCase_buildReadme_default(options, local.onErrorThrow);","            local.testCase_buildLib_default(options, local.onErrorThrow);","            local.testCase_buildTest_default(options, local.onErrorThrow);","            local.testCase_buildCustomOrg_default(options, local.onErrorThrow);","            options = [];","            local.buildApp(options, onError);","        };","","        local.testCase_buildCustomOrg_default = local.testCase_buildCustomOrg_default ||","            function (options, onError) {","            /*","             * this function will test buildCustomOrg's default handling-behavior","             */","                options = {};","                local.buildCustomOrg(options, onError);","            };","","        local.testCase_buildLib_default = local.testCase_buildLib_default || function (","            options,","            onError","        ) {","        /*","         * this function will test buildLib's default handling-behavior","         */","            options = {};","            local.buildLib(options, onError);","        };","","        local.testCase_buildReadme_default = local.testCase_buildReadme_default || function (","            options,","            onError","        ) {","        /*","         * this function will test buildReadme's default handling-behavior-behavior","         */","            options = {};","            local.buildReadme(options, onError);","        };","","        local.testCase_buildTest_default = local.testCase_buildTest_default || function (","            options,","            onError","        ) {","        /*","         * this function will test buildTest's default handling-behavior","         */","            options = {};","            local.buildTest(options, onError);","        };","","        local.testCase_webpage_default = local.testCase_webpage_default || function (","            options,","            onError","        ) {","        /*","         * this function will test webpage's default handling-behavior","         */","            options = { modeCoverageMerge: true, url: local.serverLocalHost + '?modeTest=1' };","            local.browserTest(options, onError);","        };","","        // run test-server","        local.testRunServer(local);","        break;","    }","}());",""],"l":{"12":2,"14":2,"19":2,"21":2,"23":2,"24":2,"25":2,"30":1,"37":2,"40":2,"43":1,"47":1,"50":1,"52":1,"55":2,"61":2,"62":2,"64":2,"70":1,"76":1,"82":2,"83":2,"85":2,"91":1,"98":1,"102":1,"105":1,"112":1,"119":1,"120":1,"123":1,"130":1,"131":1,"132":1,"133":1,"134":1,"135":1,"138":1,"143":2,"144":2,"147":1,"154":2,"155":2,"158":1,"165":2,"166":2,"169":1,"176":2,"177":2,"180":1,"187":1,"188":1,"192":1,"193":1}},"/home/travis/build/npmtest/node-npmtest-likely/lib.npmtest_likely.js":{"path":"/home/travis/build/npmtest/node-npmtest-likely/lib.npmtest_likely.js","s":{"1":2,"2":2,"3":2,"4":2,"5":2,"6":2,"7":2,"8":1,"9":2,"10":2,"11":2,"12":2,"13":1,"14":1,"15":1,"16":1},"b":{"1":[2,1,1,1],"2":[1,1,1,1],"3":[1,1],"4":[2,2],"5":[1,1]},"f":{"1":2,"2":2,"3":2},"fnMap":{"1":{"name":"(anonymous_1)","line":12,"loc":{"start":{"line":12,"column":1},"end":{"line":12,"column":13}}},"2":{"name":"(anonymous_2)","line":19,"loc":{"start":{"line":19,"column":5},"end":{"line":19,"column":17}}},"3":{"name":"(anonymous_3)","line":23,"loc":{"start":{"line":23,"column":24},"end":{"line":23,"column":36}}}},"statementMap":{"1":{"start":{"line":12,"column":0},"end":{"line":53,"column":5}},"2":{"start":{"line":14,"column":4},"end":{"line":14,"column":14}},"3":{"start":{"line":19,"column":4},"end":{"line":52,"column":9}},"4":{"start":{"line":21,"column":8},"end":{"line":21,"column":19}},"5":{"start":{"line":23,"column":8},"end":{"line":35,"column":13}},"6":{"start":{"line":24,"column":12},"end":{"line":34,"column":13}},"7":{"start":{"line":25,"column":16},"end":{"line":28,"column":30}},"8":{"start":{"line":30,"column":16},"end":{"line":33,"column":27}},"9":{"start":{"line":37,"column":8},"end":{"line":39,"column":21}},"10":{"start":{"line":41,"column":8},"end":{"line":41,"column":54}},"11":{"start":{"line":43,"column":8},"end":{"line":43,"column":51}},"12":{"start":{"line":45,"column":8},"end":{"line":51,"column":9}},"13":{"start":{"line":46,"column":12},"end":{"line":46,"column":57}},"14":{"start":{"line":48,"column":12},"end":{"line":48,"column":35}},"15":{"start":{"line":49,"column":12},"end":{"line":49,"column":49}},"16":{"start":{"line":50,"column":12},"end":{"line":50,"column":43}}},"branchMap":{"1":{"line":25,"type":"binary-expr","locations":[{"start":{"line":25,"column":23},"end":{"line":25,"column":62}},{"start":{"line":26,"column":20},"end":{"line":26,"column":70}},{"start":{"line":27,"column":20},"end":{"line":27,"column":71}},{"start":{"line":28,"column":20},"end":{"line":28,"column":29}}]},"2":{"line":30,"type":"binary-expr","locations":[{"start":{"line":30,"column":23},"end":{"line":30,"column":37}},{"start":{"line":31,"column":20},"end":{"line":31,"column":61}},{"start":{"line":32,"column":20},"end":{"line":32,"column":70}},{"start":{"line":33,"column":20},"end":{"line":33,"column":26}}]},"3":{"line":37,"type":"cond-expr","locations":[{"start":{"line":38,"column":14},"end":{"line":38,"column":20}},{"start":{"line":39,"column":14},"end":{"line":39,"column":20}}]},"4":{"line":41,"type":"binary-expr","locations":[{"start":{"line":41,"column":16},"end":{"line":41,"column":44}},{"start":{"line":41,"column":48},"end":{"line":41,"column":53}}]},"5":{"line":45,"type":"if","locations":[{"start":{"line":45,"column":8},"end":{"line":45,"column":8}},{"start":{"line":45,"column":8},"end":{"line":45,"column":8}}]}},"code":["/* istanbul instrument in package npmtest_likely */","/*jslint","    bitwise: true,","    browser: true,","    maxerr: 8,","    maxlen: 96,","    node: true,","    nomen: true,","    regexp: true,","    stupid: true","*/","(function () {","    'use strict';","    var local;","","","","    // run shared js-env code - pre-init","    (function () {","        // init local","        local = {};","        // init modeJs","        local.modeJs = (function () {","            try {","                return typeof navigator.userAgent === 'string' &&","                    typeof document.querySelector('body') === 'object' &&","                    typeof XMLHttpRequest.prototype.open === 'function' &&","                    'browser';","            } catch (errorCaughtBrowser) {","                return module.exports &&","                    typeof process.versions.node === 'string' &&","                    typeof require('http').createServer === 'function' &&","                    'node';","            }","        }());","        // init global","        local.global = local.modeJs === 'browser'","            ? window","            : global;","        // init utility2_rollup","        local = local.global.utility2_rollup || local;","        // init lib","        local.local = local.npmtest_likely = local;","        // init exports","        if (local.modeJs === 'browser') {","            local.global.utility2_npmtest_likely = local;","        } else {","            module.exports = local;","            module.exports.__dirname = __dirname;","            module.exports.module = module;","        }","    }());","}());",""],"l":{"12":2,"14":2,"19":2,"21":2,"23":2,"24":2,"25":2,"30":1,"37":2,"41":2,"43":2,"45":2,"46":1,"48":1,"49":1,"50":1}},"/home/travis/build/npmtest/node-npmtest-likely/example.js":{"path":"/home/travis/build/npmtest/node-npmtest-likely/example.js","s":{"1":2,"2":2,"3":2,"4":2,"5":2,"6":2,"7":2,"8":1,"9":2,"10":2,"11":2,"12":2,"13":1,"14":2,"15":2,"16":2,"17":2,"18":2,"19":0,"20":2,"21":1,"22":1,"23":1,"24":1,"25":1,"26":0,"27":0,"28":1,"29":1,"30":2,"31":0,"32":0,"33":0,"34":1,"35":2,"36":2,"37":3,"38":3,"39":3,"40":3,"41":0,"42":3,"43":3,"44":3,"45":1,"46":3,"47":1,"48":1,"49":1,"50":1,"51":1,"52":1,"53":1,"54":1,"55":1,"56":1,"57":0,"58":1,"59":6,"60":6,"61":1,"62":2,"63":0,"64":2,"65":1,"66":1,"67":0,"68":0,"69":0,"70":0,"71":0,"72":0,"73":0,"74":0,"75":0,"76":0,"77":0,"78":0,"79":0,"80":0,"81":0,"82":0,"83":0},"b":{"1":[2,1,1,1],"2":[1,1,1,1],"3":[1,1],"4":[2,2],"5":[1,1],"6":[1,1],"7":[2,0],"8":[2,1,1,1,1,1],"9":[0,2,0],"10":[1,1],"11":[2,1,1],"12":[1,0],"13":[0,2],"14":[2,0,0,0,0,0,0],"15":[0,3],"16":[3,0],"17":[1,1],"18":[0,1],"19":[1,2,0,2],"20":[1,0],"21":[1,1],"22":[0,0],"23":[0,0],"24":[0,0],"25":[0,0],"26":[0,0],"27":[0,0],"28":[0,0]},"f":{"1":2,"2":2,"3":2,"4":2,"5":2,"6":2,"7":3,"8":3,"9":3,"10":1,"11":6,"12":0},"fnMap":{"1":{"name":"(anonymous_1)","line":26,"loc":{"start":{"line":26,"column":1},"end":{"line":26,"column":13}}},"2":{"name":"(anonymous_2)","line":33,"loc":{"start":{"line":33,"column":5},"end":{"line":33,"column":17}}},"3":{"name":"(anonymous_3)","line":37,"loc":{"start":{"line":37,"column":24},"end":{"line":37,"column":36}}},"4":{"name":"(anonymous_4)","line":69,"loc":{"start":{"line":69,"column":31},"end":{"line":69,"column":48}},"skip":true},"5":{"name":"(anonymous_5)","line":78,"loc":{"start":{"line":78,"column":26},"end":{"line":78,"column":45}},"skip":true},"6":{"name":"(anonymous_6)","line":123,"loc":{"start":{"line":123,"column":33},"end":{"line":123,"column":48}},"skip":true},"7":{"name":"(anonymous_7)","line":125,"loc":{"start":{"line":125,"column":27},"end":{"line":125,"column":39}},"skip":true},"8":{"name":"(anonymous_8)","line":133,"loc":{"start":{"line":133,"column":59},"end":{"line":133,"column":74}},"skip":true},"9":{"name":"(anonymous_9)","line":143,"loc":{"start":{"line":143,"column":45},"end":{"line":143,"column":62}},"skip":true},"10":{"name":"(anonymous_10)","line":144,"loc":{"start":{"line":144,"column":73},"end":{"line":144,"column":92}},"skip":true},"11":{"name":"(anonymous_11)","line":272,"loc":{"start":{"line":272,"column":51},"end":{"line":272,"column":77}},"skip":true},"12":{"name":"(anonymous_12)","line":315,"loc":{"start":{"line":315,"column":32},"end":{"line":315,"column":61}},"skip":true}},"statementMap":{"1":{"start":{"line":26,"column":0},"end":{"line":326,"column":5}},"2":{"start":{"line":28,"column":4},"end":{"line":28,"column":14}},"3":{"start":{"line":33,"column":4},"end":{"line":60,"column":9}},"4":{"start":{"line":35,"column":8},"end":{"line":35,"column":19}},"5":{"start":{"line":37,"column":8},"end":{"line":49,"column":13}},"6":{"start":{"line":38,"column":12},"end":{"line":48,"column":13}},"7":{"start":{"line":39,"column":16},"end":{"line":42,"column":30}},"8":{"start":{"line":44,"column":16},"end":{"line":47,"column":27}},"9":{"start":{"line":51,"column":8},"end":{"line":53,"column":21}},"10":{"start":{"line":55,"column":8},"end":{"line":57,"column":45}},"11":{"start":{"line":59,"column":8},"end":{"line":59,"column":35}},"12":{"start":{"line":61,"column":4},"end":{"line":325,"column":5}},"13":{"start":{"line":69,"column":8},"end":{"line":121,"column":10},"skip":true},"14":{"start":{"line":70,"column":12},"end":{"line":88,"column":13},"skip":true},"15":{"start":{"line":76,"column":16},"end":{"line":87,"column":19},"skip":true},"16":{"start":{"line":79,"column":20},"end":{"line":86,"column":21},"skip":true},"17":{"start":{"line":82,"column":24},"end":{"line":82,"column":43},"skip":true},"18":{"start":{"line":83,"column":24},"end":{"line":83,"column":30},"skip":true},"19":{"start":{"line":85,"column":24},"end":{"line":85,"column":49},"skip":true},"20":{"start":{"line":89,"column":12},"end":{"line":107,"column":13},"skip":true},"21":{"start":{"line":92,"column":16},"end":{"line":102,"column":17},"skip":true},"22":{"start":{"line":93,"column":20},"end":{"line":93,"column":86},"skip":true},"23":{"start":{"line":94,"column":20},"end":{"line":95,"column":45},"skip":true},"24":{"start":{"line":96,"column":20},"end":{"line":96,"column":42},"skip":true},"25":{"start":{"line":97,"column":20},"end":{"line":97,"column":48},"skip":true},"26":{"start":{"line":100,"column":20},"end":{"line":100,"column":85},"skip":true},"27":{"start":{"line":101,"column":20},"end":{"line":101,"column":96},"skip":true},"28":{"start":{"line":103,"column":16},"end":{"line":103,"column":22},"skip":true},"29":{"start":{"line":106,"column":16},"end":{"line":106,"column":22},"skip":true},"30":{"start":{"line":108,"column":12},"end":{"line":120,"column":13},"skip":true},"31":{"start":{"line":114,"column":16},"end":{"line":119,"column":17},"skip":true},"32":{"start":{"line":116,"column":20},"end":{"line":116,"column":78},"skip":true},"33":{"start":{"line":118,"column":20},"end":{"line":118,"column":47},"skip":true},"34":{"start":{"line":123,"column":8},"end":{"line":141,"column":11},"skip":true},"35":{"start":{"line":124,"column":12},"end":{"line":124,"column":54},"skip":true},"36":{"start":{"line":125,"column":12},"end":{"line":140,"column":14},"skip":true},"37":{"start":{"line":126,"column":16},"end":{"line":126,"column":28},"skip":true},"38":{"start":{"line":127,"column":16},"end":{"line":127,"column":69},"skip":true},"39":{"start":{"line":128,"column":16},"end":{"line":128,"column":75},"skip":true},"40":{"start":{"line":129,"column":16},"end":{"line":131,"column":17},"skip":true},"41":{"start":{"line":130,"column":20},"end":{"line":130,"column":27},"skip":true},"42":{"start":{"line":133,"column":16},"end":{"line":137,"column":36},"skip":true},"43":{"start":{"line":134,"column":20},"end":{"line":136,"column":55},"skip":true},"44":{"start":{"line":139,"column":16},"end":{"line":139,"column":57},"skip":true},"45":{"start":{"line":143,"column":8},"end":{"line":147,"column":11},"skip":true},"46":{"start":{"line":144,"column":12},"end":{"line":146,"column":15},"skip":true},"47":{"start":{"line":145,"column":16},"end":{"line":145,"column":70},"skip":true},"48":{"start":{"line":149,"column":8},"end":{"line":149,"column":31},"skip":true},"49":{"start":{"line":150,"column":8},"end":{"line":150,"column":14},"skip":true},"50":{"start":{"line":158,"column":8},"end":{"line":158,"column":31},"skip":true},"51":{"start":{"line":160,"column":8},"end":{"line":160,"column":33},"skip":true},"52":{"start":{"line":161,"column":8},"end":{"line":161,"column":37},"skip":true},"53":{"start":{"line":162,"column":8},"end":{"line":162,"column":35},"skip":true},"54":{"start":{"line":164,"column":8},"end":{"line":164,"column":50},"skip":true},"55":{"start":{"line":166,"column":8},"end":{"line":256,"column":2},"skip":true},"56":{"start":{"line":258,"column":8},"end":{"line":286,"column":9},"skip":true},"57":{"start":{"line":259,"column":12},"end":{"line":269,"column":14},"skip":true},"58":{"start":{"line":271,"column":12},"end":{"line":285,"column":19},"skip":true},"59":{"start":{"line":274,"column":20},"end":{"line":274,"column":35},"skip":true},"60":{"start":{"line":275,"column":20},"end":{"line":284,"column":21},"skip":true},"61":{"start":{"line":277,"column":24},"end":{"line":277,"column":64},"skip":true},"62":{"start":{"line":279,"column":24},"end":{"line":279,"column":40},"skip":true},"63":{"start":{"line":281,"column":24},"end":{"line":281,"column":40},"skip":true},"64":{"start":{"line":283,"column":24},"end":{"line":283,"column":39},"skip":true},"65":{"start":{"line":288,"column":8},"end":{"line":290,"column":9},"skip":true},"66":{"start":{"line":289,"column":12},"end":{"line":289,"column":18},"skip":true},"67":{"start":{"line":291,"column":8},"end":{"line":293,"column":54},"skip":true},"68":{"start":{"line":296,"column":8},"end":{"line":301,"column":37},"skip":true},"69":{"start":{"line":303,"column":8},"end":{"line":303,"column":82},"skip":true},"70":{"start":{"line":306,"column":8},"end":{"line":308,"column":9},"skip":true},"71":{"start":{"line":307,"column":12},"end":{"line":307,"column":82},"skip":true},"72":{"start":{"line":310,"column":8},"end":{"line":312,"column":9},"skip":true},"73":{"start":{"line":311,"column":12},"end":{"line":311,"column":18},"skip":true},"74":{"start":{"line":313,"column":8},"end":{"line":313,"column":54},"skip":true},"75":{"start":{"line":314,"column":8},"end":{"line":314,"column":69},"skip":true},"76":{"start":{"line":315,"column":8},"end":{"line":323,"column":36},"skip":true},"77":{"start":{"line":316,"column":12},"end":{"line":316,"column":61},"skip":true},"78":{"start":{"line":317,"column":12},"end":{"line":320,"column":13},"skip":true},"79":{"start":{"line":318,"column":16},"end":{"line":318,"column":75},"skip":true},"80":{"start":{"line":319,"column":16},"end":{"line":319,"column":23},"skip":true},"81":{"start":{"line":321,"column":12},"end":{"line":321,"column":38},"skip":true},"82":{"start":{"line":322,"column":12},"end":{"line":322,"column":27},"skip":true},"83":{"start":{"line":324,"column":8},"end":{"line":324,"column":14},"skip":true}},"branchMap":{"1":{"line":39,"type":"binary-expr","locations":[{"start":{"line":39,"column":23},"end":{"line":39,"column":62}},{"start":{"line":40,"column":20},"end":{"line":40,"column":70}},{"start":{"line":41,"column":20},"end":{"line":41,"column":71}},{"start":{"line":42,"column":20},"end":{"line":42,"column":29}}]},"2":{"line":44,"type":"binary-expr","locations":[{"start":{"line":44,"column":23},"end":{"line":44,"column":37}},{"start":{"line":45,"column":20},"end":{"line":45,"column":61}},{"start":{"line":46,"column":20},"end":{"line":46,"column":70}},{"start":{"line":47,"column":20},"end":{"line":47,"column":26}}]},"3":{"line":51,"type":"cond-expr","locations":[{"start":{"line":52,"column":14},"end":{"line":52,"column":20}},{"start":{"line":53,"column":14},"end":{"line":53,"column":20}}]},"4":{"line":55,"type":"binary-expr","locations":[{"start":{"line":55,"column":16},"end":{"line":55,"column":44}},{"start":{"line":55,"column":49},"end":{"line":57,"column":43}}]},"5":{"line":55,"type":"cond-expr","locations":[{"start":{"line":56,"column":14},"end":{"line":56,"column":50}},{"start":{"line":57,"column":14},"end":{"line":57,"column":43}}]},"6":{"line":61,"type":"switch","locations":[{"start":{"line":68,"column":4},"end":{"line":150,"column":14},"skip":true},{"start":{"line":156,"column":4},"end":{"line":324,"column":14},"skip":true}]},"7":{"line":70,"type":"if","locations":[{"start":{"line":70,"column":12},"end":{"line":70,"column":12},"skip":true},{"start":{"line":70,"column":12},"end":{"line":70,"column":12},"skip":true}]},"8":{"line":70,"type":"binary-expr","locations":[{"start":{"line":70,"column":16},"end":{"line":70,"column":22},"skip":true},{"start":{"line":70,"column":27},"end":{"line":70,"column":32},"skip":true},{"start":{"line":71,"column":20},"end":{"line":71,"column":39},"skip":true},{"start":{"line":72,"column":20},"end":{"line":72,"column":49},"skip":true},{"start":{"line":73,"column":20},"end":{"line":73,"column":58},"skip":true},{"start":{"line":74,"column":20},"end":{"line":74,"column":69},"skip":true}]},"9":{"line":79,"type":"switch","locations":[{"start":{"line":80,"column":20},"end":{"line":80,"column":33},"skip":true},{"start":{"line":81,"column":20},"end":{"line":83,"column":30},"skip":true},{"start":{"line":84,"column":20},"end":{"line":85,"column":49},"skip":true}]},"10":{"line":89,"type":"switch","locations":[{"start":{"line":90,"column":12},"end":{"line":103,"column":22},"skip":true},{"start":{"line":105,"column":12},"end":{"line":106,"column":22},"skip":true}]},"11":{"line":89,"type":"binary-expr","locations":[{"start":{"line":89,"column":20},"end":{"line":89,"column":25},"skip":true},{"start":{"line":89,"column":29},"end":{"line":89,"column":48},"skip":true},{"start":{"line":89,"column":52},"end":{"line":89,"column":74},"skip":true}]},"12":{"line":92,"type":"if","locations":[{"start":{"line":92,"column":16},"end":{"line":92,"column":16},"skip":true},{"start":{"line":92,"column":16},"end":{"line":92,"column":16},"skip":true}]},"13":{"line":108,"type":"if","locations":[{"start":{"line":108,"column":12},"end":{"line":108,"column":12},"skip":true},{"start":{"line":108,"column":12},"end":{"line":108,"column":12},"skip":true}]},"14":{"line":108,"type":"binary-expr","locations":[{"start":{"line":108,"column":16},"end":{"line":108,"column":61},"skip":true},{"start":{"line":108,"column":66},"end":{"line":108,"column":72},"skip":true},{"start":{"line":108,"column":77},"end":{"line":108,"column":82},"skip":true},{"start":{"line":109,"column":20},"end":{"line":109,"column":39},"skip":true},{"start":{"line":110,"column":20},"end":{"line":110,"column":49},"skip":true},{"start":{"line":111,"column":20},"end":{"line":111,"column":58},"skip":true},{"start":{"line":112,"column":20},"end":{"line":112,"column":68},"skip":true}]},"15":{"line":129,"type":"if","locations":[{"start":{"line":129,"column":16},"end":{"line":129,"column":16},"skip":true},{"start":{"line":129,"column":16},"end":{"line":129,"column":16},"skip":true}]},"16":{"line":134,"type":"cond-expr","locations":[{"start":{"line":135,"column":26},"end":{"line":135,"column":29},"skip":true},{"start":{"line":136,"column":26},"end":{"line":136,"column":54},"skip":true}]},"17":{"line":164,"type":"binary-expr","locations":[{"start":{"line":164,"column":27},"end":{"line":164,"column":43},"skip":true},{"start":{"line":164,"column":47},"end":{"line":164,"column":49},"skip":true}]},"18":{"line":258,"type":"if","locations":[{"start":{"line":258,"column":8},"end":{"line":258,"column":8},"skip":true},{"start":{"line":258,"column":8},"end":{"line":258,"column":8},"skip":true}]},"19":{"line":275,"type":"switch","locations":[{"start":{"line":276,"column":20},"end":{"line":277,"column":64},"skip":true},{"start":{"line":278,"column":20},"end":{"line":279,"column":40},"skip":true},{"start":{"line":280,"column":20},"end":{"line":281,"column":40},"skip":true},{"start":{"line":282,"column":20},"end":{"line":283,"column":39},"skip":true}]},"20":{"line":288,"type":"if","locations":[{"start":{"line":288,"column":8},"end":{"line":288,"column":8},"skip":true},{"start":{"line":288,"column":8},"end":{"line":288,"column":8},"skip":true}]},"21":{"line":288,"type":"binary-expr","locations":[{"start":{"line":288,"column":12},"end":{"line":288,"column":40},"skip":true},{"start":{"line":288,"column":44},"end":{"line":288,"column":67},"skip":true}]},"22":{"line":292,"type":"binary-expr","locations":[{"start":{"line":292,"column":12},"end":{"line":292,"column":50},"skip":true},{"start":{"line":293,"column":12},"end":{"line":293,"column":53},"skip":true}]},"23":{"line":297,"type":"binary-expr","locations":[{"start":{"line":297,"column":12},"end":{"line":297,"column":64},"skip":true},{"start":{"line":298,"column":12},"end":{"line":301,"column":36},"skip":true}]},"24":{"line":303,"type":"binary-expr","locations":[{"start":{"line":303,"column":43},"end":{"line":303,"column":75},"skip":true},{"start":{"line":303,"column":79},"end":{"line":303,"column":81},"skip":true}]},"25":{"line":306,"type":"if","locations":[{"start":{"line":306,"column":8},"end":{"line":306,"column":8},"skip":true},{"start":{"line":306,"column":8},"end":{"line":306,"column":8},"skip":true}]},"26":{"line":310,"type":"if","locations":[{"start":{"line":310,"column":8},"end":{"line":310,"column":8},"skip":true},{"start":{"line":310,"column":8},"end":{"line":310,"column":8},"skip":true}]},"27":{"line":313,"type":"binary-expr","locations":[{"start":{"line":313,"column":27},"end":{"line":313,"column":43},"skip":true},{"start":{"line":313,"column":47},"end":{"line":313,"column":53},"skip":true}]},"28":{"line":317,"type":"if","locations":[{"start":{"line":317,"column":12},"end":{"line":317,"column":12},"skip":true},{"start":{"line":317,"column":12},"end":{"line":317,"column":12},"skip":true}]}},"code":["/*","example.js","","quickstart example","","instruction","    1. save this script as example.js","    2. run the shell command:","        $ npm install npmtest-likely && PORT=8081 node example.js","    3. play with the browser-demo on http://127.0.0.1:8081","*/","","","","/* istanbul instrument in package npmtest_likely */","/*jslint","    bitwise: true,","    browser: true,","    maxerr: 8,","    maxlen: 96,","    node: true,","    nomen: true,","    regexp: true,","    stupid: true","*/","(function () {","    'use strict';","    var local;","","","","    // run shared js-env code - pre-init","    (function () {","        // init local","        local = {};","        // init modeJs","        local.modeJs = (function () {","            try {","                return typeof navigator.userAgent === 'string' &&","                    typeof document.querySelector('body') === 'object' &&","                    typeof XMLHttpRequest.prototype.open === 'function' &&","                    'browser';","            } catch (errorCaughtBrowser) {","                return module.exports &&","                    typeof process.versions.node === 'string' &&","                    typeof require('http').createServer === 'function' &&","                    'node';","            }","        }());","        // init global","        local.global = local.modeJs === 'browser'","            ? window","            : global;","        // init utility2_rollup","        local = local.global.utility2_rollup || (local.modeJs === 'browser'","            ? local.global.utility2_npmtest_likely","            : global.utility2_moduleExports);","        // export local","        local.global.local = local;","    }());","    switch (local.modeJs) {","","","","    // post-init","    // run browser js-env code - post-init","    /* istanbul ignore next */","    case 'browser':","        local.testRunBrowser = function (event) {","            if (!event || (event &&","                    event.currentTarget &&","                    event.currentTarget.className &&","                    event.currentTarget.className.includes &&","                    event.currentTarget.className.includes('onreset'))) {","                // reset output","                Array.from(","                    document.querySelectorAll('body > .resettable')","                ).forEach(function (element) {","                    switch (element.tagName) {","                    case 'INPUT':","                    case 'TEXTAREA':","                        element.value = '';","                        break;","                    default:","                        element.textContent = '';","                    }","                });","            }","            switch (event && event.currentTarget && event.currentTarget.id) {","            case 'testRunButton1':","                // show tests","                if (document.querySelector('#testReportDiv1').style.display === 'none') {","                    document.querySelector('#testReportDiv1').style.display = 'block';","                    document.querySelector('#testRunButton1').textContent =","                        'hide internal test';","                    local.modeTest = true;","                    local.testRunDefault(local);","                // hide tests","                } else {","                    document.querySelector('#testReportDiv1').style.display = 'none';","                    document.querySelector('#testRunButton1').textContent = 'run internal test';","                }","                break;","            // custom-case","            default:","                break;","            }","            if (document.querySelector('#inputTextareaEval1') && (!event || (event &&","                    event.currentTarget &&","                    event.currentTarget.className &&","                    event.currentTarget.className.includes &&","                    event.currentTarget.className.includes('oneval')))) {","                // try to eval input-code","                try {","                    /*jslint evil: true*/","                    eval(document.querySelector('#inputTextareaEval1').value);","                } catch (errorCaught) {","                    console.error(errorCaught);","                }","            }","        };","        // log stderr and stdout to #outputTextareaStdout1","        ['error', 'log'].forEach(function (key) {","            console[key + '_original'] = console[key];","            console[key] = function () {","                var element;","                console[key + '_original'].apply(console, arguments);","                element = document.querySelector('#outputTextareaStdout1');","                if (!element) {","                    return;","                }","                // append text to #outputTextareaStdout1","                element.value += Array.from(arguments).map(function (arg) {","                    return typeof arg === 'string'","                        ? arg","                        : JSON.stringify(arg, null, 4);","                }).join(' ') + '\\n';","                // scroll textarea to bottom","                element.scrollTop = element.scrollHeight;","            };","        });","        // init event-handling","        ['change', 'click', 'keyup'].forEach(function (event) {","            Array.from(document.querySelectorAll('.on' + event)).forEach(function (element) {","                element.addEventListener(event, local.testRunBrowser);","            });","        });","        // run tests","        local.testRunBrowser();","        break;","","","","    // run node js-env code - post-init","    /* istanbul ignore next */","    case 'node':","        // export local","        module.exports = local;","        // require modules","        local.fs = require('fs');","        local.http = require('http');","        local.url = require('url');","        // init assets","        local.assetsDict = local.assetsDict || {};","        /* jslint-ignore-begin */","        local.assetsDict['/assets.index.template.html'] = '\\","<!doctype html>\\n\\","<html lang=\"en\">\\n\\","<head>\\n\\","<meta charset=\"UTF-8\">\\n\\","<meta name=\"viewport\" content=\"width=device-width, initial-scale=1\">\\n\\","<title>{{env.npm_package_name}} (v{{env.npm_package_version}})</title>\\n\\","<style>\\n\\","/*csslint\\n\\","    box-sizing: false,\\n\\","    universal-selector: false\\n\\","*/\\n\\","* {\\n\\","    box-sizing: border-box;\\n\\","}\\n\\","body {\\n\\","    background: #dde;\\n\\","    font-family: Arial, Helvetica, sans-serif;\\n\\","    margin: 2rem;\\n\\","}\\n\\","body > * {\\n\\","    margin-bottom: 1rem;\\n\\","}\\n\\",".utility2FooterDiv {\\n\\","    margin-top: 20px;\\n\\","    text-align: center;\\n\\","}\\n\\","</style>\\n\\","<style>\\n\\","/*csslint\\n\\","*/\\n\\","textarea {\\n\\","    font-family: monospace;\\n\\","    height: 10rem;\\n\\","    width: 100%;\\n\\","}\\n\\","textarea[readonly] {\\n\\","    background: #ddd;\\n\\","}\\n\\","</style>\\n\\","</head>\\n\\","<body>\\n\\","<!-- utility2-comment\\n\\","<div id=\"ajaxProgressDiv1\" style=\"background: #d00; height: 2px; left: 0; margin: 0; padding: 0; position: fixed; top: 0; transition: background 0.5s, width 1.5s; width: 25%;\"></div>\\n\\","utility2-comment -->\\n\\","<h1>\\n\\","<!-- utility2-comment\\n\\","    <a\\n\\","        {{#if env.npm_package_homepage}}\\n\\","        href=\"{{env.npm_package_homepage}}\"\\n\\","        {{/if env.npm_package_homepage}}\\n\\","        target=\"_blank\"\\n\\","    >\\n\\","utility2-comment -->\\n\\","        {{env.npm_package_name}} (v{{env.npm_package_version}})\\n\\","<!-- utility2-comment\\n\\","    </a>\\n\\","utility2-comment -->\\n\\","</h1>\\n\\","<h3>{{env.npm_package_description}}</h3>\\n\\","<!-- utility2-comment\\n\\","<h4><a download href=\"assets.app.js\">download standalone app</a></h4>\\n\\","<button class=\"onclick onreset\" id=\"testRunButton1\">run internal test</button><br>\\n\\","<div id=\"testReportDiv1\" style=\"display: none;\"></div>\\n\\","utility2-comment -->\\n\\","\\n\\","\\n\\","\\n\\","<label>stderr and stdout</label>\\n\\","<textarea class=\"resettable\" id=\"outputTextareaStdout1\" readonly></textarea>\\n\\","<!-- utility2-comment\\n\\","{{#if isRollup}}\\n\\","<script src=\"assets.app.js\"></script>\\n\\","{{#unless isRollup}}\\n\\","utility2-comment -->\\n\\","<script src=\"assets.utility2.rollup.js\"></script>\\n\\","<script src=\"jsonp.utility2._stateInit?callback=window.utility2._stateInit\"></script>\\n\\","<script src=\"assets.npmtest_likely.rollup.js\"></script>\\n\\","<script src=\"assets.example.js\"></script>\\n\\","<script src=\"assets.test.js\"></script>\\n\\","<!-- utility2-comment\\n\\","{{/if isRollup}}\\n\\","utility2-comment -->\\n\\","<div class=\"utility2FooterDiv\">\\n\\","    [ this app was created with\\n\\","    <a href=\"https://github.com/kaizhu256/node-utility2\" target=\"_blank\">utility2</a>\\n\\","    ]\\n\\","</div>\\n\\","</body>\\n\\","</html>\\n\\","';","        /* jslint-ignore-end */","        if (local.templateRender) {","            local.assetsDict['/'] = local.templateRender(","                local.assetsDict['/assets.index.template.html'],","                {","                    env: local.objectSetDefault(local.env, {","                        npm_package_description: 'the greatest app in the world!',","                        npm_package_name: 'my-app',","                        npm_package_nameAlias: 'my_app',","                        npm_package_version: '0.0.1'","                    })","                }","            );","        } else {","            local.assetsDict['/'] = local.assetsDict['/assets.index.template.html']","                .replace((/\\{\\{env\\.(\\w+?)\\}\\}/g), function (match0, match1) {","                    // jslint-hack","                    String(match0);","                    switch (match1) {","                    case 'npm_package_description':","                        return 'the greatest app in the world!';","                    case 'npm_package_name':","                        return 'my-app';","                    case 'npm_package_nameAlias':","                        return 'my_app';","                    case 'npm_package_version':","                        return '0.0.1';","                    }","                });","        }","        // run the cli","        if (local.global.utility2_rollup || module !== require.main) {","            break;","        }","        local.assetsDict['/assets.example.js'] =","            local.assetsDict['/assets.example.js'] ||","            local.fs.readFileSync(__filename, 'utf8');","        // bug-workaround - long $npm_package_buildCustomOrg","        /* jslint-ignore-begin */","        local.assetsDict['/assets.npmtest_likely.rollup.js'] =","            local.assetsDict['/assets.npmtest_likely.rollup.js'] ||","            local.fs.readFileSync(","                local.npmtest_likely.__dirname + '/lib.npmtest_likely.js',","                'utf8'","            ).replace((/^#!/), '//');","        /* jslint-ignore-end */","        local.assetsDict['/favicon.ico'] = local.assetsDict['/favicon.ico'] || '';","        // if $npm_config_timeout_exit exists,","        // then exit this process after $npm_config_timeout_exit ms","        if (Number(process.env.npm_config_timeout_exit)) {","            setTimeout(process.exit, Number(process.env.npm_config_timeout_exit));","        }","        // start server","        if (local.global.utility2_serverHttp1) {","            break;","        }","        process.env.PORT = process.env.PORT || '8081';","        console.error('server starting on port ' + process.env.PORT);","        local.http.createServer(function (request, response) {","            request.urlParsed = local.url.parse(request.url);","            if (local.assetsDict[request.urlParsed.pathname] !== undefined) {","                response.end(local.assetsDict[request.urlParsed.pathname]);","                return;","            }","            response.statusCode = 404;","            response.end();","        }).listen(process.env.PORT);","        break;","    }","}());",""],"l":{"26":2,"28":2,"33":2,"35":2,"37":2,"38":2,"39":2,"44":1,"51":2,"55":2,"59":2,"61":2,"69":1,"70":2,"76":2,"79":2,"82":2,"83":2,"85":1,"89":2,"92":1,"93":1,"94":1,"96":1,"97":1,"100":1,"101":1,"103":1,"106":1,"108":2,"114":1,"116":1,"118":1,"123":1,"124":2,"125":2,"126":3,"127":3,"128":3,"129":3,"130":1,"133":3,"134":3,"139":3,"143":1,"144":3,"145":1,"149":1,"150":1,"158":1,"160":1,"161":1,"162":1,"164":1,"166":1,"258":1,"259":1,"271":1,"274":6,"275":6,"277":1,"279":2,"281":1,"283":2,"288":1,"289":1,"291":1,"296":1,"303":1,"306":1,"307":1,"310":1,"311":1,"313":1,"314":1,"315":1,"316":1,"317":1,"318":1,"319":1,"321":1,"322":1,"324":1}},"/home/travis/build/npmtest/node-npmtest-likely/node_modules/likely/likely.js":{"path":"/home/travis/build/npmtest/node-npmtest-likely/node_modules/likely/likely.js","s":{"1":1,"2":1,"3":1,"4":1,"5":1,"6":1,"7":1,"8":0,"9":1,"10":0,"11":0,"12":0,"13":1,"14":0,"15":0,"16":0,"17":0,"18":0,"19":0,"20":0,"21":0,"22":0,"23":0,"24":0,"25":0,"26":0,"27":0,"28":0,"29":0,"30":0,"31":0,"32":0,"33":0,"34":0,"35":0,"36":0,"37":0,"38":0,"39":0,"40":0,"41":0,"42":0,"43":0,"44":0,"45":1,"46":0,"47":1,"48":0,"49":0,"50":0,"51":0,"52":0,"53":0,"54":0,"55":0,"56":0,"57":0,"58":0,"59":0,"60":0,"61":0,"62":0,"63":0,"64":0,"65":1,"66":0,"67":1,"68":0,"69":0,"70":0,"71":0,"72":0,"73":1,"74":0,"75":0,"76":0,"77":0,"78":0,"79":0,"80":0,"81":0,"82":0,"83":0,"84":0,"85":0,"86":1,"87":0,"88":0,"89":0,"90":1,"91":0,"92":0,"93":0,"94":0,"95":0,"96":0,"97":1,"98":0,"99":0,"100":0,"101":0,"102":0,"103":0,"104":0,"105":0,"106":1,"107":0,"108":0,"109":0,"110":0,"111":0,"112":0,"113":0,"114":0,"115":1,"116":0,"117":0,"118":0,"119":0,"120":1,"121":0,"122":0,"123":0,"124":0,"125":0,"126":0,"127":0,"128":0,"129":0,"130":0,"131":0,"132":0,"133":0,"134":0,"135":0,"136":0,"137":0,"138":0,"139":0,"140":0,"141":0,"142":0,"143":0,"144":0,"145":1,"146":0,"147":0,"148":0,"149":0,"150":0,"151":0,"152":1,"153":1,"154":1,"155":1,"156":1,"157":1,"158":1,"159":1,"160":1,"161":1,"162":1,"163":1,"164":1,"165":1,"166":1,"167":1},"b":{"1":[0,0],"2":[0,0],"3":[0,0],"4":[0,0],"5":[0,0],"6":[0,0],"7":[0,0],"8":[0,0],"9":[0,0],"10":[0,0],"11":[0,0]},"f":{"1":0,"2":0,"3":0,"4":0,"5":0,"6":0,"7":0,"8":0,"9":0,"10":0,"11":0,"12":0,"13":0,"14":0,"15":0,"16":0,"17":0,"18":0},"fnMap":{"1":{"name":"buildModel","line":22,"loc":{"start":{"line":22,"column":0},"end":{"line":23,"column":0}}},"2":{"name":"buildModelWithBias","line":35,"loc":{"start":{"line":35,"column":0},"end":{"line":36,"column":0}}},"3":{"name":"train","line":49,"loc":{"start":{"line":49,"column":0},"end":{"line":50,"column":0}}},"4":{"name":"(anonymous_4)","line":123,"loc":{"start":{"line":123,"column":32},"end":{"line":123,"column":44}}},"5":{"name":"generateRandomMatrix","line":155,"loc":{"start":{"line":155,"column":0},"end":{"line":156,"column":0}}},"6":{"name":"calculateError","line":166,"loc":{"start":{"line":166,"column":0},"end":{"line":167,"column":0}}},"7":{"name":"calculateTotalError","line":216,"loc":{"start":{"line":216,"column":0},"end":{"line":217,"column":0}}},"8":{"name":"calculateTotalError","line":226,"loc":{"start":{"line":226,"column":0},"end":{"line":227,"column":0}}},"9":{"name":"calculateBias","line":245,"loc":{"start":{"line":245,"column":0},"end":{"line":246,"column":0}}},"10":{"name":"Bias","line":275,"loc":{"start":{"line":275,"column":0},"end":{"line":275,"column":45}}},"11":{"name":"calculateMatrixAverage","line":286,"loc":{"start":{"line":286,"column":0},"end":{"line":287,"column":0}}},"12":{"name":"calculateColumnAverage","line":307,"loc":{"start":{"line":307,"column":0},"end":{"line":308,"column":0}}},"13":{"name":"calculateRowAverage","line":330,"loc":{"start":{"line":330,"column":0},"end":{"line":331,"column":0}}},"14":{"name":"Model","line":351,"loc":{"start":{"line":351,"column":0},"end":{"line":351,"column":50}}},"15":{"name":"(anonymous_15)","line":365,"loc":{"start":{"line":365,"column":15},"end":{"line":366,"column":1}}},"16":{"name":"(anonymous_16)","line":392,"loc":{"start":{"line":392,"column":26},"end":{"line":392,"column":41}}},"17":{"name":"(anonymous_17)","line":400,"loc":{"start":{"line":400,"column":18},"end":{"line":401,"column":1}}},"18":{"name":"findInArray","line":441,"loc":{"start":{"line":441,"column":0},"end":{"line":442,"column":0}}}},"statementMap":{"1":{"start":{"line":6,"column":0},"end":{"line":6,"column":37}},"2":{"start":{"line":9,"column":0},"end":{"line":9,"column":25}},"3":{"start":{"line":10,"column":0},"end":{"line":10,"column":19}},"4":{"start":{"line":11,"column":0},"end":{"line":11,"column":18}},"5":{"start":{"line":12,"column":0},"end":{"line":12,"column":10}},"6":{"start":{"line":13,"column":0},"end":{"line":13,"column":23}},"7":{"start":{"line":22,"column":0},"end":{"line":25,"column":1}},"8":{"start":{"line":24,"column":1},"end":{"line":24,"column":72}},"9":{"start":{"line":35,"column":0},"end":{"line":41,"column":1}},"10":{"start":{"line":37,"column":1},"end":{"line":37,"column":61}},"11":{"start":{"line":38,"column":1},"end":{"line":38,"column":68}},"12":{"start":{"line":40,"column":1},"end":{"line":40,"column":13}},"13":{"start":{"line":49,"column":0},"end":{"line":147,"column":1}},"14":{"start":{"line":51,"column":2},"end":{"line":51,"column":25}},"15":{"start":{"line":52,"column":2},"end":{"line":52,"column":25}},"16":{"start":{"line":55,"column":2},"end":{"line":55,"column":43}},"17":{"start":{"line":56,"column":2},"end":{"line":56,"column":43}},"18":{"start":{"line":58,"column":2},"end":{"line":58,"column":11}},"19":{"start":{"line":59,"column":2},"end":{"line":112,"column":3}},"20":{"start":{"line":63,"column":4},"end":{"line":63,"column":70}},"21":{"start":{"line":65,"column":1},"end":{"line":65,"column":28}},"22":{"start":{"line":66,"column":1},"end":{"line":66,"column":28}},"23":{"start":{"line":73,"column":4},"end":{"line":103,"column":5}},"24":{"start":{"line":75,"column":5},"end":{"line":102,"column":6}},"25":{"start":{"line":77,"column":6},"end":{"line":101,"column":13}},"26":{"start":{"line":85,"column":7},"end":{"line":85,"column":42}},"27":{"start":{"line":86,"column":7},"end":{"line":88,"column":50}},"28":{"start":{"line":95,"column":7},"end":{"line":95,"column":42}},"29":{"start":{"line":96,"column":6},"end":{"line":98,"column":46}},"30":{"start":{"line":106,"column":4},"end":{"line":106,"column":46}},"31":{"start":{"line":107,"column":4},"end":{"line":111,"column":5}},"32":{"start":{"line":110,"column":5},"end":{"line":110,"column":11}},"33":{"start":{"line":117,"column":2},"end":{"line":117,"column":38}},"34":{"start":{"line":120,"column":2},"end":{"line":144,"column":3}},"35":{"start":{"line":123,"column":4},"end":{"line":123,"column":74}},"36":{"start":{"line":123,"column":46},"end":{"line":123,"column":70}},"37":{"start":{"line":125,"column":2},"end":{"line":125,"column":42}},"38":{"start":{"line":128,"column":2},"end":{"line":134,"column":3}},"39":{"start":{"line":130,"column":3},"end":{"line":133,"column":4}},"40":{"start":{"line":132,"column":4},"end":{"line":132,"column":51}},"41":{"start":{"line":137,"column":2},"end":{"line":143,"column":3}},"42":{"start":{"line":139,"column":3},"end":{"line":142,"column":4}},"43":{"start":{"line":141,"column":4},"end":{"line":141,"column":51}},"44":{"start":{"line":146,"column":2},"end":{"line":146,"column":20}},"45":{"start":{"line":155,"column":0},"end":{"line":158,"column":1}},"46":{"start":{"line":157,"column":1},"end":{"line":157,"column":47}},"47":{"start":{"line":166,"column":0},"end":{"line":208,"column":1}},"48":{"start":{"line":168,"column":1},"end":{"line":168,"column":33}},"49":{"start":{"line":170,"column":1},"end":{"line":170,"column":47}},"50":{"start":{"line":173,"column":1},"end":{"line":189,"column":2}},"51":{"start":{"line":176,"column":2},"end":{"line":188,"column":3}},"52":{"start":{"line":178,"column":3},"end":{"line":187,"column":4}},"53":{"start":{"line":180,"column":4},"end":{"line":180,"column":45}},"54":{"start":{"line":180,"column":36},"end":{"line":180,"column":45}},"55":{"start":{"line":182,"column":4},"end":{"line":182,"column":43}},"56":{"start":{"line":184,"column":4},"end":{"line":184,"column":52}},"57":{"start":{"line":186,"column":4},"end":{"line":186,"column":52}},"58":{"start":{"line":192,"column":1},"end":{"line":192,"column":44}},"59":{"start":{"line":196,"column":1},"end":{"line":204,"column":2}},"60":{"start":{"line":198,"column":2},"end":{"line":203,"column":3}},"61":{"start":{"line":200,"column":3},"end":{"line":200,"column":44}},"62":{"start":{"line":200,"column":35},"end":{"line":200,"column":44}},"63":{"start":{"line":202,"column":3},"end":{"line":202,"column":53}},"64":{"start":{"line":207,"column":1},"end":{"line":207,"column":22}},"65":{"start":{"line":216,"column":0},"end":{"line":219,"column":1}},"66":{"start":{"line":218,"column":1},"end":{"line":218,"column":62}},"67":{"start":{"line":226,"column":0},"end":{"line":238,"column":1}},"68":{"start":{"line":228,"column":1},"end":{"line":228,"column":20}},"69":{"start":{"line":229,"column":1},"end":{"line":235,"column":2}},"70":{"start":{"line":231,"column":2},"end":{"line":234,"column":3}},"71":{"start":{"line":233,"column":3},"end":{"line":233,"column":48}},"72":{"start":{"line":237,"column":1},"end":{"line":237,"column":17}},"73":{"start":{"line":245,"column":0},"end":{"line":270,"column":1}},"74":{"start":{"line":247,"column":1},"end":{"line":247,"column":29}},"75":{"start":{"line":248,"column":1},"end":{"line":248,"column":51}},"76":{"start":{"line":249,"column":1},"end":{"line":249,"column":52}},"77":{"start":{"line":250,"column":1},"end":{"line":250,"column":55}},"78":{"start":{"line":252,"column":1},"end":{"line":252,"column":29}},"79":{"start":{"line":253,"column":1},"end":{"line":253,"column":29}},"80":{"start":{"line":256,"column":1},"end":{"line":259,"column":2}},"81":{"start":{"line":258,"column":2},"end":{"line":258,"column":46}},"82":{"start":{"line":262,"column":1},"end":{"line":265,"column":2}},"83":{"start":{"line":264,"column":2},"end":{"line":264,"column":46}},"84":{"start":{"line":267,"column":1},"end":{"line":267,"column":62}},"85":{"start":{"line":269,"column":1},"end":{"line":269,"column":15}},"86":{"start":{"line":275,"column":0},"end":{"line":279,"column":1}},"87":{"start":{"line":276,"column":1},"end":{"line":276,"column":24}},"88":{"start":{"line":277,"column":1},"end":{"line":277,"column":28}},"89":{"start":{"line":278,"column":1},"end":{"line":278,"column":28}},"90":{"start":{"line":286,"column":0},"end":{"line":300,"column":1}},"91":{"start":{"line":288,"column":1},"end":{"line":288,"column":53}},"92":{"start":{"line":290,"column":1},"end":{"line":290,"column":13}},"93":{"start":{"line":291,"column":1},"end":{"line":297,"column":2}},"94":{"start":{"line":293,"column":2},"end":{"line":296,"column":3}},"95":{"start":{"line":295,"column":3},"end":{"line":295,"column":30}},"96":{"start":{"line":299,"column":1},"end":{"line":299,"column":18}},"97":{"start":{"line":307,"column":0},"end":{"line":323,"column":1}},"98":{"start":{"line":309,"column":1},"end":{"line":309,"column":31}},"99":{"start":{"line":311,"column":1},"end":{"line":311,"column":28}},"100":{"start":{"line":312,"column":1},"end":{"line":320,"column":2}},"101":{"start":{"line":314,"column":2},"end":{"line":314,"column":14}},"102":{"start":{"line":315,"column":2},"end":{"line":318,"column":3}},"103":{"start":{"line":317,"column":3},"end":{"line":317,"column":30}},"104":{"start":{"line":319,"column":2},"end":{"line":319,"column":27}},"105":{"start":{"line":322,"column":1},"end":{"line":322,"column":21}},"106":{"start":{"line":330,"column":0},"end":{"line":346,"column":1}},"107":{"start":{"line":332,"column":1},"end":{"line":332,"column":31}},"108":{"start":{"line":334,"column":1},"end":{"line":334,"column":28}},"109":{"start":{"line":335,"column":1},"end":{"line":343,"column":2}},"110":{"start":{"line":337,"column":2},"end":{"line":337,"column":14}},"111":{"start":{"line":338,"column":2},"end":{"line":341,"column":3}},"112":{"start":{"line":340,"column":3},"end":{"line":340,"column":30}},"113":{"start":{"line":342,"column":2},"end":{"line":342,"column":27}},"114":{"start":{"line":345,"column":1},"end":{"line":345,"column":21}},"115":{"start":{"line":351,"column":0},"end":{"line":358,"column":1}},"116":{"start":{"line":352,"column":1},"end":{"line":352,"column":28}},"117":{"start":{"line":353,"column":1},"end":{"line":353,"column":28}},"118":{"start":{"line":354,"column":1},"end":{"line":354,"column":26}},"119":{"start":{"line":357,"column":1},"end":{"line":357,"column":78}},"120":{"start":{"line":359,"column":0},"end":{"line":433,"column":1}},"121":{"start":{"line":367,"column":2},"end":{"line":367,"column":21}},"122":{"start":{"line":369,"column":2},"end":{"line":372,"column":3}},"123":{"start":{"line":371,"column":3},"end":{"line":371,"column":47}},"124":{"start":{"line":375,"column":2},"end":{"line":375,"column":63}},"125":{"start":{"line":379,"column":2},"end":{"line":379,"column":32}},"126":{"start":{"line":380,"column":2},"end":{"line":389,"column":3}},"127":{"start":{"line":382,"column":3},"end":{"line":382,"column":43}},"128":{"start":{"line":385,"column":3},"end":{"line":388,"column":4}},"129":{"start":{"line":387,"column":4},"end":{"line":387,"column":42}},"130":{"start":{"line":392,"column":2},"end":{"line":392,"column":62}},"131":{"start":{"line":392,"column":42},"end":{"line":392,"column":60}},"132":{"start":{"line":402,"column":2},"end":{"line":402,"column":37}},"133":{"start":{"line":403,"column":2},"end":{"line":403,"column":40}},"134":{"start":{"line":405,"column":2},"end":{"line":405,"column":21}},"135":{"start":{"line":407,"column":2},"end":{"line":410,"column":3}},"136":{"start":{"line":409,"column":3},"end":{"line":409,"column":47}},"137":{"start":{"line":412,"column":2},"end":{"line":429,"column":3}},"138":{"start":{"line":415,"column":3},"end":{"line":415,"column":33}},"139":{"start":{"line":417,"column":3},"end":{"line":420,"column":4}},"140":{"start":{"line":419,"column":4},"end":{"line":419,"column":59}},"141":{"start":{"line":422,"column":3},"end":{"line":422,"column":58}},"142":{"start":{"line":425,"column":3},"end":{"line":428,"column":4}},"143":{"start":{"line":427,"column":4},"end":{"line":427,"column":39}},"144":{"start":{"line":431,"column":2},"end":{"line":431,"column":26}},"145":{"start":{"line":441,"column":0},"end":{"line":454,"column":1}},"146":{"start":{"line":443,"column":1},"end":{"line":443,"column":16}},"147":{"start":{"line":444,"column":1},"end":{"line":451,"column":2}},"148":{"start":{"line":446,"column":2},"end":{"line":450,"column":3}},"149":{"start":{"line":448,"column":3},"end":{"line":448,"column":13}},"150":{"start":{"line":449,"column":3},"end":{"line":449,"column":9}},"151":{"start":{"line":453,"column":1},"end":{"line":453,"column":14}},"152":{"start":{"line":456,"column":0},"end":{"line":456,"column":39}},"153":{"start":{"line":457,"column":0},"end":{"line":457,"column":55}},"154":{"start":{"line":458,"column":0},"end":{"line":458,"column":59}},"155":{"start":{"line":459,"column":0},"end":{"line":459,"column":47}},"156":{"start":{"line":460,"column":0},"end":{"line":460,"column":57}},"157":{"start":{"line":461,"column":0},"end":{"line":461,"column":45}},"158":{"start":{"line":462,"column":0},"end":{"line":462,"column":63}},"159":{"start":{"line":463,"column":0},"end":{"line":463,"column":63}},"160":{"start":{"line":464,"column":0},"end":{"line":464,"column":57}},"161":{"start":{"line":466,"column":0},"end":{"line":466,"column":45}},"162":{"start":{"line":467,"column":0},"end":{"line":467,"column":29}},"163":{"start":{"line":468,"column":0},"end":{"line":468,"column":27}},"164":{"start":{"line":469,"column":0},"end":{"line":469,"column":21}},"165":{"start":{"line":470,"column":0},"end":{"line":470,"column":37}},"166":{"start":{"line":472,"column":0},"end":{"line":472,"column":27}},"167":{"start":{"line":473,"column":0},"end":{"line":473,"column":29}}},"branchMap":{"1":{"line":107,"type":"if","locations":[{"start":{"line":107,"column":4},"end":{"line":107,"column":4}},{"start":{"line":107,"column":4},"end":{"line":107,"column":4}}]},"2":{"line":120,"type":"if","locations":[{"start":{"line":120,"column":2},"end":{"line":120,"column":2}},{"start":{"line":120,"column":2},"end":{"line":120,"column":2}}]},"3":{"line":173,"type":"if","locations":[{"start":{"line":173,"column":1},"end":{"line":173,"column":1}},{"start":{"line":173,"column":1},"end":{"line":173,"column":1}}]},"4":{"line":180,"type":"if","locations":[{"start":{"line":180,"column":4},"end":{"line":180,"column":4}},{"start":{"line":180,"column":4},"end":{"line":180,"column":4}}]},"5":{"line":200,"type":"if","locations":[{"start":{"line":200,"column":3},"end":{"line":200,"column":3}},{"start":{"line":200,"column":3},"end":{"line":200,"column":3}}]},"6":{"line":369,"type":"if","locations":[{"start":{"line":369,"column":2},"end":{"line":369,"column":2}},{"start":{"line":369,"column":2},"end":{"line":369,"column":2}}]},"7":{"line":385,"type":"if","locations":[{"start":{"line":385,"column":3},"end":{"line":385,"column":3}},{"start":{"line":385,"column":3},"end":{"line":385,"column":3}}]},"8":{"line":407,"type":"if","locations":[{"start":{"line":407,"column":2},"end":{"line":407,"column":2}},{"start":{"line":407,"column":2},"end":{"line":407,"column":2}}]},"9":{"line":417,"type":"if","locations":[{"start":{"line":417,"column":3},"end":{"line":417,"column":3}},{"start":{"line":417,"column":3},"end":{"line":417,"column":3}}]},"10":{"line":425,"type":"if","locations":[{"start":{"line":425,"column":3},"end":{"line":425,"column":3}},{"start":{"line":425,"column":3},"end":{"line":425,"column":3}}]},"11":{"line":446,"type":"if","locations":[{"start":{"line":446,"column":2},"end":{"line":446,"column":2}},{"start":{"line":446,"column":2},"end":{"line":446,"column":2}}]}},"code":["/**"," * Likely.js "," * "," * Javascript library for collaborative filtering / recommendation engine. "," */","var sylvester = require('sylvester');"," ","// Learning parameters","var DESCENT_STEPS = 5000; // number of iterations to execute gradient descent ","var ALPHA = 0.0005;       // learning rate, should be small","var BETA = 0.0007;        // regularization factor, should be small","var K = 5; \t\t\t\t  // number of features to simulate","var MAX_ERROR = 0.0005;\t  // threshold which, if reached, will stop descent automatically","","/** Builds a complete model from the input array "," *"," * @param inputArray A two dimensional array of the input, where each cell is the rating given to Col by Row"," * @param [optional] rowLabels A one dimensional array of string labels for each row of inputArray"," * @param [optional] colLabels A one dimensional array of string labels for each column of inputArray"," * @returns Model An instance of a Model object"," */","function buildModel(inputArray, rowLabels, colLabels)","{","\treturn buildModelWithBias(inputArray, undefined, rowLabels, colLabels);","}","","/** Builds a complete model from the input array with bias"," *"," * @param inputArray A two dimensional array of the input, where each cell is the rating given to Col by Row"," * @param bias A two dimensional matrix of the bias of the inputArray"," * @param [optional] rowLabels A one dimensional array of string labels for each row of inputArray"," * @param [optional] colLabels A one dimensional array of string labels for each column of inputArray"," * @returns Model An instance of a Model object"," */","function buildModelWithBias(inputArray, bias, rowLabels, colLabels)","{","\tvar model = new Model($M(inputArray), rowLabels, colLabels);","\tmodel.estimated = train(sylvester.Matrix.create(inputArray), bias);","\t","\treturn model","}","","/** "," * Trains the model on the given input by composing two matrices P and Q which"," * approximate the input through their product. "," * @param inputMatrix A two dimensional array representing input values"," * @returns Model A model entity, with estimated values based on the input"," */","function train(inputMatrix, bias)","{","  N = inputMatrix.rows();    // number of rows ","  M = inputMatrix.cols(); // number of columns","  ","  // Generate random P and Q based on the dimensions of inputMatrix","  var P_model = generateRandomMatrix(N, K);","  var Q_model = generateRandomMatrix(K, M);","  ","  var i = 0","  for(i = 0; i < DESCENT_STEPS; i++)","  {","  \t//console.log('------------------ Iteration --------------------');","    // Calculate error","    var error = calculateError(P_model.x(Q_model), inputMatrix, bias);","","\tP_prime = P_model.elements;","\tQ_prime = Q_model.elements;","\t","\t// For debugging","\t//console.log('P: ' + JSON.stringify(P_prime));","\t//console.log('Q: ' + JSON.stringify(Q_prime));","\t","\t// Update P and Q to reduce error","    for (var row = 0; row < N; row++)","    {","    \tfor (var col = 0; col < M; col++)","    \t{","    \t\tfor(var feature = 0; feature < K; feature++)","    \t\t{","    \t\t\t// update formulas will change values in the opposite direction of the gradient.","    \t\t\t","    \t\t\t// P Update Formula","    \t\t\t// p_ik = p_ik + alpha * (e_ij * q_kj - beta * p_ik)","    \t\t\t// Reverse Gradient: alpha * e_ij * q_kj   -- Note that we omit the 2* factor since it's not necessary for convergence.","    \t\t\t// Regularization factor: alpha * beta * p_ik ","    \t\t\tvar p_prev = P_prime[row][feature];","    \t\t\tP_prime[row][feature] = P_prime[row][feature] + ","    \t\t\t\t\t\t\t\t\t  ALPHA*(error.e(row+1, col+1)*Q_prime[feature][col] -","    \t\t\t\t\t\t\t\t\t  \t    BETA * P_prime[row][feature]);","    \t\t\t//console.log('P['+row+']['+feature+'] ('+p_prev+') <- ('+P_prime[row][feature]+')');","    \t\t\t\t\t\t\t\t\t  \t   ","    \t\t\t// Q Update Formula","    \t\t\t// q_kj = q_kj + alpha x (e_ij x p_ik - beta x q_kj)","    \t\t\t// Reverse Gradient: alpha * e_ij * p_ik   -- Note that we omit the 2* factor since it's not necessary for convergence.","    \t\t\t// Regularization factor: alpha * beta * q_kj  ","    \t\t\tvar q_prev = Q_prime[feature][col];","  \t\t\t\tQ_prime[feature][col] = Q_prime[feature][col] +","  \t\t\t\t\t\t\t\t\t\t\t ALPHA *(error.e(row+1, col+1)*P_prime[row][feature] -","  \t\t\t\t\t\t\t\t\t\t\t \t\tBETA * Q_prime[feature][col]);  \t","    \t\t\t//console.log('Q['+feature+']['+col+'] ('+q_prev+') <- ('+Q_prime[feature][col]+')');\t\t\t\t\t\t\t\t  \t    ","    \t\t\t\t\t\t\t\t\t  \t","            }","    \t}","    }","    ","    // if we've already reached the error threshold, no need to descend further","    var totError = calculateTotalError(error);","    if(totError < MAX_ERROR)","    {","    \t//console.log('Reached error threshold early, no more descent needed.');","\t    break;","    }","  }","  ","  //console.log('Descent steps used: ' + i);","  ","  // produce the final estimation by multiplying P and Q","  var finalModel = P_model.x(Q_model); ","  ","  // if we were considering bias, we have to add it back in","  if(bias)","  {","  \t\t// add back the overall average","  \t\tfinalModel = finalModel.map(function(x) { return x + bias.average; });","  \t","\t\tvar finalElements = finalModel.elements;","\t\t","\t\t// add back the row bias from each row","\t\tfor(var i = 1; i <= finalModel.rows(); i++)","\t\t{","\t\t\tfor(var j = 1; j <= finalModel.cols(); j++)","\t\t\t{","\t\t\t\tfinalElements[i-1][j-1] += bias.rowBiases.e(i);","\t\t\t}","\t\t}","\t\t","\t\t// add back the column bias from each column","\t\tfor(var i = 1; i <= finalModel.rows(); i++)","\t\t{","\t\t\tfor(var j = 1; j <= finalModel.cols(); j++)","\t\t\t{","\t\t\t\tfinalElements[i-1][j-1] += bias.colBiases.e(j);","\t\t\t}","\t\t}","  }","  ","  return finalModel;","}","","/**"," * Generates a random Matrix of size rows x columns."," * @param rows Number of rows in the random matrix"," * @param columns Number of columns in the random matrix"," * @returns Matrix A matrix of size rows x columns filled with random values."," */","function generateRandomMatrix(rows, columns)","{","\treturn sylvester.Matrix.Random(rows, columns);","}","","/**"," * Computes the error from model matrices P and Q against the given input. "," * @param estimated A matrix of the estimated values."," * @param input A matrix of the input values"," * @returns A matrix of size input.rows by input.columns where each entry is the difference between the input and estimated values."," */","function calculateError(estimated, input, bias)","{ \t","\tvar adjustedInput = input.dup();","\t","\tvar adjustedElements = adjustedInput.elements;","\t\t","\t// If bias adjustment is provided, adjust for it","\tif(bias)","\t{","\t\t// subtract the row and column bias from each row","\t\tfor(var i = 0; i <= adjustedInput.rows()-1; i++)","\t\t{","\t\t\tfor(var j = 0; j <= adjustedInput.cols()-1; j++)","\t\t\t{","\t\t\t\tif(adjustedElements[i][j] == 0) continue; // skip zeroes","\t\t\t\t","\t\t\t\tadjustedElements[i][j] -= bias.average;","\t\t\t\t","\t\t\t\tadjustedElements[i][j] -= bias.rowBiases.e(i+1);","\t\t\t\t","\t\t\t\tadjustedElements[i][j] -= bias.colBiases.e(j+1);","\t\t\t}","\t\t}","\t}","\t","\t","\tvar estimatedElements = estimated.elements;","\t","\t// Error is (R - R')","\t// (but we ignore error on the zero entries since they are unknown)","\tfor(var i = 0; i <= adjustedInput.rows()-1; i++)","\t{","\t\tfor(var j = 0; j <= adjustedInput.cols()-1; j++)","\t\t{","\t\t\tif(adjustedElements[i][j] == 0) continue; // skip zeroes","\t\t\t","\t\t\tadjustedElements[i][j] -= estimatedElements[i][j];","\t\t}","\t}\t\t\t\t","","\t// Error is (R - R')","\treturn adjustedInput;","}","","/**"," * Computes the total error based on a matrix of error values."," * @param estimated A matrix of the estimated values."," * @param input A matrix of the input values"," * @returns float Total error, defined as the sum of the squared difference between the estimated and input values. "," */","function calculateTotalError(estimated, input)","{","\treturn calculateTotalError(calculateError(estimated, input));","}","","/**"," * Computes the total error based on a matrix of error values."," * @param errorMatrix A matrix of the error values."," * @returns float Total error, defined as the sum of the squared errors. "," */","function calculateTotalError(errorMatrix)","{","\tvar totError = 0.0;","\tfor(var i = 1; i <= errorMatrix.rows(); i++)","\t{","\t\tfor(var j = 1; j <= errorMatrix.cols(); j++)","\t\t{","\t\t\ttotError += Math.pow(errorMatrix.e(i, j), 2);","\t\t}","\t}","\t","\treturn totError;","}","","/**"," * Computes the biases from a matrix of values. "," * @param input A matrix of the input values"," * @returns Bias Object containing the average, bias for rows and bias for columns."," */","function calculateBias(input)","{","\tvar inputMatrix = $M(input);","\tvar average = calculateMatrixAverage(inputMatrix);","\tvar rowAverages = calculateRowAverage(inputMatrix);","\tvar colAverages = calculateColumnAverage(inputMatrix);","\t","\tvar rowBiases = new Array();","\tvar colBiases = new Array();","\t","\t// The row bias is the difference between the row average and the overall average","\tfor(var i = 1; i <= rowAverages.dimensions().cols; i++)","\t{","\t\trowBiases[i-1] = rowAverages.e(i) - average;","\t}","\t","\t// the column bias is the difference between the column average and the overall average","\tfor(var i = 1; i <= colAverages.dimensions().cols; i++)","\t{","\t\tcolBiases[i-1] = colAverages.e(i) - average;","\t}","\t","\tvar biases = new Bias(average, $V(rowBiases), $V(colBiases));","\t","\treturn biases;","}","","/**"," * Bias representation object. Contains all bias elements."," */","function Bias(average, rowBiases, colBiases) {","\tthis.average = average;\t\t// Overall value average","\tthis.rowBiases = rowBiases; // Bias for each row","\tthis.colBiases = colBiases;\t// Bias for each column","}","","/**"," * Computes the overall average value from a matrix of values. "," * @param input A matrix of the input values"," * @returns float Average value."," */","function calculateMatrixAverage(inputMatrix)","{","\tvar cells = inputMatrix.rows() * inputMatrix.cols();","\t","\tvar sum = 0;","\tfor(var i = 1; i <= inputMatrix.rows(); i++)","\t{","\t\tfor(var j = 1; j <= inputMatrix.cols(); j++)","\t\t{","\t\t\tsum += inputMatrix.e(i, j);","\t\t}","\t}","\t","\treturn sum/cells;","}","","/**"," * Computes the average value for each column of a matrix of values. "," * @param input A matrix of the input values"," * @returns Vector Average value for each column. Vector[i] is the average for column i."," */","function calculateColumnAverage(inputMatrix)","{","\tvar rows = inputMatrix.rows();","\t","\tvar averages = new Array();","\tfor(var i = 1; i <= inputMatrix.cols(); i++)","\t{","\t\tvar sum = 0;","\t\tfor(var j = 1; j <= inputMatrix.rows(); j++)","\t\t{","\t\t\tsum += inputMatrix.e(j, i);","\t\t}","\t\taverages[i-1] = sum/rows;","\t}","\t","\treturn $V(averages);","}","","/**"," * Computes the average value for each row of a matrix of values. "," * @param input A matrix of the input values"," * @returns Vector Average value for each row. Vector[i] is the average for row i."," */","function calculateRowAverage(inputMatrix)","{","\tvar cols = inputMatrix.cols();","\t","\tvar averages = new Array();","\tfor(var i = 1; i <= inputMatrix.rows(); i++)","\t{","\t\tvar sum = 0;","\t\tfor(var j = 1; j <= inputMatrix.cols(); j++)","\t\t{","\t\t\tsum += inputMatrix.e(i, j);","\t\t}","\t\taverages[i-1] = sum/cols;","\t}","\t","\treturn $V(averages);","}","","/**"," * Model representation object. Contains both input and estimated values."," */","function Model(inputMatrix, rowLabels, colLabels) {","\tthis.rowLabels = rowLabels;\t// labels for the rows","\tthis.colLabels = colLabels; // labels for the columns","\tthis.input = inputMatrix;\t// input data","\t","\t// estimated data, initialized to all zeros","\tthis.estimated = sylvester.Matrix.Zeros(this.input.rows(),this.input.cols());","}","Model.prototype = {","\t/**","\t * Returns all items for a given row, sorted by rating.","\t * @param row The row to return values for","\t * @returns Array An array of arrays, each containing two entries. [0] is the index and [1] is the value, sorted by value.","\t */","\trankAllItems: function(row)","\t{","\t\tvar rowIndex = row; // assume row is a number","\t\t// If we're using labels we have to look up the row index","\t\tif(this.rowLabels)","\t\t{","\t\t\trowIndex = findInArray(this.rowLabels, row);","\t\t}","\t\t","\t\t// estimates for this user","\t\tvar ratingElements = this.estimated.row(rowIndex+1).elements;","\t\t","\t\t// build a two dimensional array from the ratings and indexes","\t\t//     [[index, rating], [index, rating]]","\t\tvar outputArray = new Array();","\t\tfor(var i=0; i<ratingElements.length; i++)","\t\t{","\t\t\toutputArray[i] = [i, ratingElements[i]];","\t\t\t","\t\t\t// if we have column labels, use those","\t\t\tif(this.colLabels)","\t\t\t{","\t\t\t\toutputArray[i][0] = this.colLabels[i];","\t\t\t}","\t\t}","\t\t","\t\t// Sort the array by index","\t\treturn outputArray.sort(function(a, b) {return a[1] < b[1]})","\t},","\t","\t/**","\t * Returns all items for the given row where there was no input value, sorted by rating.","\t * @param row The row to return values for","\t * @returns Array An array of arrays, each containing two entries. [0] is the index and [1] is the value, sorted by value. ","\t */","\trecommendations: function(row)","\t{","\t\tvar recommendedItems = new Array();","\t\tvar allItems = this.rankAllItems(row);","\t\t\t","\t\tvar rowIndex = row; // assume row is a number","\t\t// If we're using labels we have to look up the row index","\t\tif(this.rowLabels)","\t\t{","\t\t\trowIndex = findInArray(this.rowLabels, row);","\t\t}","\t\t","\t\tfor(var i=0; i< allItems.length; i++)","\t\t{","\t\t\t// look up the value in the input","\t\t\tvar colIndex = allItems[i][0];","\t\t\t// see if we're using column labels or not","\t\t\tif(this.colLabels) ","\t\t\t{","\t\t\t\tcolIndex = findInArray(this.colLabels, allItems[i][0]);","\t\t\t}","\t\t\t","\t\t\tvar inputRating = this.input.e(rowIndex+1, colIndex+1);","\t\t\t","\t\t\t// if there was no rating its a recommendation so add it","\t\t\tif(inputRating == 0)","\t\t\t{","\t\t\t\trecommendedItems.push(allItems[i]);","\t\t\t}","\t\t}","\t\t","\t\treturn recommendedItems;","\t}\t","}","","/**"," * Finds the specified value in the array and returns the index. Returns -1 if not found."," * @param array The array to look for the value within"," * @param value The value to look for"," * @returns int Index of the value in the array. -1 if not found."," */","function findInArray(array, value)","{","\tvar index = -1;","\tfor(var i=0;i<array.length;i++)","\t{","\t\tif(array[i] == value) ","\t\t{","\t\t\tindex = i;","\t\t\tbreak;","\t\t}","\t}","\t","\treturn index;","}","","module.exports.buildModel = buildModel;","module.exports.buildModelWithBias = buildModelWithBias;","module.exports.generateRandomMatrix = generateRandomMatrix;","module.exports.calculateError = calculateError;","module.exports.calculateTotalError = calculateTotalError;","module.exports.calculateBias = calculateBias;","module.exports.calculateMatrixAverage = calculateMatrixAverage;","module.exports.calculateColumnAverage = calculateColumnAverage;","module.exports.calculateRowAverage = calculateRowAverage;","","module.exports.DESCENT_STEPS = DESCENT_STEPS;","module.exports.ALPHA = ALPHA;","module.exports.BETA = BETA;","module.exports.K = K;","module.exports.MAX_ERROR = MAX_ERROR;","","module.exports.Bias = Bias;","module.exports.Model = Model;","",""],"l":{"6":1,"9":1,"10":1,"11":1,"12":1,"13":1,"22":1,"24":0,"35":1,"37":0,"38":0,"40":0,"49":1,"51":0,"52":0,"55":0,"56":0,"58":0,"59":0,"63":0,"65":0,"66":0,"73":0,"75":0,"77":0,"85":0,"86":0,"95":0,"96":0,"106":0,"107":0,"110":0,"117":0,"120":0,"123":0,"125":0,"128":0,"130":0,"132":0,"137":0,"139":0,"141":0,"146":0,"155":1,"157":0,"166":1,"168":0,"170":0,"173":0,"176":0,"178":0,"180":0,"182":0,"184":0,"186":0,"192":0,"196":0,"198":0,"200":0,"202":0,"207":0,"216":1,"218":0,"226":1,"228":0,"229":0,"231":0,"233":0,"237":0,"245":1,"247":0,"248":0,"249":0,"250":0,"252":0,"253":0,"256":0,"258":0,"262":0,"264":0,"267":0,"269":0,"275":1,"276":0,"277":0,"278":0,"286":1,"288":0,"290":0,"291":0,"293":0,"295":0,"299":0,"307":1,"309":0,"311":0,"312":0,"314":0,"315":0,"317":0,"319":0,"322":0,"330":1,"332":0,"334":0,"335":0,"337":0,"338":0,"340":0,"342":0,"345":0,"351":1,"352":0,"353":0,"354":0,"357":0,"359":1,"367":0,"369":0,"371":0,"375":0,"379":0,"380":0,"382":0,"385":0,"387":0,"392":0,"402":0,"403":0,"405":0,"407":0,"409":0,"412":0,"415":0,"417":0,"419":0,"422":0,"425":0,"427":0,"431":0,"441":1,"443":0,"444":0,"446":0,"448":0,"449":0,"453":0,"456":1,"457":1,"458":1,"459":1,"460":1,"461":1,"462":1,"463":1,"464":1,"466":1,"467":1,"468":1,"469":1,"470":1,"472":1,"473":1}}}